<?xml version="1.0" encoding="UTF-8"?>
<robot generator="Robot 3.2.1 (Python 3.8.3 on win32)" generated="20201005 23:56:06.595" rpa="false">
<suite id="s1" name="Testcase" source="C:\development\git_project\asteriods_api\TestCases\testcase.robot">
<test id="s1-t1" name="TC001">
<kw name="Verify Status Code with No Query Params" library="User_Keywords">
<arguments>
<arg>200</arg>
</arguments>
<kw name="Create Session" library="RequestsLibrary">
<doc>Create Session: create a HTTP session to a server</doc>
<arguments>
<arg>SName</arg>
<arg>${api_endpoint}</arg>
</arguments>
<msg timestamp="20201005 23:56:08.452" level="INFO">Creating Session using : alias=SName, url=https://ssd-api.jpl.nasa.gov, headers={},                     cookies={}, auth=None, timeout=None, proxies=None, verify=False,                     debug=0 </msg>
<status status="PASS" starttime="20201005 23:56:08.447" endtime="20201005 23:56:08.456"></status>
</kw>
<kw name="Get Request" library="RequestsLibrary">
<doc>Send a GET request on the session object found using the
given `alias`</doc>
<arguments>
<arg>SName</arg>
<arg>/cad.api</arg>
</arguments>
<assign>
<var>${response}</var>
</assign>
<msg timestamp="20201005 23:56:10.191" level="INFO">GET Request : url=https://ssd-api.jpl.nasa.gov/cad.api 
 path_url=/cad.api 
 headers={'User-Agent': 'python-requests/2.23.0', 'Accept-Encoding': 'gzip, deflate', 'Accept': '*/*', 'Connection': 'keep-alive'} 
 body=None 
 </msg>
<msg timestamp="20201005 23:56:10.192" level="INFO">GET Response : url=https://ssd-api.jpl.nasa.gov/cad.api 
 status=200, reason=OK 
 body={"signature":{"source":"NASA/JPL SBDB Close Approach Data API","version":"1.1"},"count":"29","fields":["des","orbit_id","jd","cd","dist","dist_min","dist_max","v_rel","v_inf","t_sigma_f","h"],"data":[["2020 RV2","8","2459128.455794825","2020-Oct-05 22:56","0.0380358854669288","0.0378990941391581","0.0381726686949511","4.16017343376627","4.14330056255971","&lt; 00:01","25.675"],["2020 RR2","8","2459129.121389609","2020-Oct-06 14:55","0.041704788465237","0.0416108342680649","0.0417987393771391","4.07810840893017","4.06241185675759","&lt; 00:01","25.519"],["2020 RK2","14","2459130.049684480","2020-Oct-07 13:12","0.0255806324423237","0.0255588889468833","0.0256023757632238","6.67561121678676","6.65998986980429","&lt; 00:01","24.276"],["2019 SB6","2","2459130.474376995","2020-Oct-07 23:23","0.0304426271757058","0.0227471207759548","0.038143587726216","7.57778003426213","7.56622105215934","03:41","26.8"],["2020 SR6","4","2459130.735526412","2020-Oct-08 05:39","0.0180740360129551","0.0180230116195297","0.0181250573629668","5.25612847462795","5.2280059290518","&lt; 00:01","25.664"],["2020 SX3","3","2459130.969041502","2020-Oct-08 11:15","0.0113556690965866","0.0113516579770186","0.0113596802070396","10.8797211196823","10.8581330927149","&lt; 00:01","24.137"],["2020 RO1","6","2459132.176099360","2020-Oct-09 16:14","0.0446426128387153","0.0446183022344079","0.0446669231400666","3.21359061471866","3.19496405479672","&lt; 00:01","25.384"],["2018 GD2","1","2459136.073021506","2020-Oct-13 13:45","0.0418695882785897","0.0370963199607446","0.0466556919039509","6.70010747896787","6.69060274315132","03:59","29.4"],["2020 RM6","3","2459137.714985749","2020-Oct-15 05:10","0.0332524282415109","0.0332142128497172","0.0332906433684523","7.70426074113868","7.69385312032927","00:02","24.831"],["2017 UH5","2","2459142.636167668","2020-Oct-20 03:16","0.0228340554196692","0.0222591527415551","0.0414088955279864","5.92821261429195","5.90849618170005","6_12:30","26.5"],["2020 SG3","3","2459143.412223093","2020-Oct-20 21:54","0.0499210032521326","0.0496083706529744","0.0502336225391414","5.33209456677164","5.32207521939182","00:05","25.109"],["2018 VG","3","2459144.153455600","2020-Oct-21 15:41","0.0387040891193301","0.0374898264219415","0.0399273001093406","6.72609608291864","6.7158531754433","19:40","27.4"],["2017 TK6","8","2459146.940793558","2020-Oct-24 10:35","0.0441892043374442","0.0424566365206183","0.0471094261315949","12.4455264686515","12.4406806466282","03:58","24.7"],["2008 GM2","12","2459148.492460866","2020-Oct-25 23:49","0.0452029089395396","0.0362103357028827","0.0545926865198956","3.58621722267222","3.56974288141363","07:38","28.3"],["2020 QD5","2","2459148.621940456","2020-Oct-26 02:56","0.025763042373117","0.0257243482456801","0.0258017423282164","8.56921365449276","8.55713606131734","00:45","23.227"],["2020 OK5","18","2459151.870636348","2020-Oct-29 08:54","0.0164314334695969","0.0164248365373497","0.01643802959727","1.2860276781793","1.15306213653123","00:01","25.546"],["2018 VP1","4","2459155.981541014","2020-Nov-02 11:33","0.00280167254552464","3.90766585857012e-05","0.0256085074009903","9.71114662839966","9.61271582257126","3_07:11","30.9"],["2020 HF4","5","2459157.453326852","2020-Nov-03 22:53","0.0414035151003734","0.0410997052947467","0.0417073377153219","2.88844049797212","2.86607407960607","00:04","27.563"],["2010 JL88","7","2459159.419528397","2020-Nov-05 22:04","0.0267818380363214","0.00118085989258472","0.124246396626902","15.6639825482897","15.6576298553779","5_18:57","26.8"],["2019 XS","4","2459161.384049088","2020-Nov-07 21:13","0.0393955999561795","0.0348619785193184","0.0439367808461489","9.44588784861025","9.43872498720352","03:14","24.2"],["2018 VS4","3","2459162.958550490","2020-Nov-09 11:00","0.0381472776329596","0.0344188790586722","0.0835829161332143","10.0703922632204","10.0634539795072","5_07:22","25.8"],["2020 ST1","5","2459167.867201054","2020-Nov-14 08:49","0.0489062045875945","0.0487282671683256","0.0490841419676598","8.05267992569337","8.04591145558971","00:53","21.704"],["2019 VL5","2","2459168.934759671","2020-Nov-15 10:26","0.021732810007007","0.0217292375096055","0.0223542176744774","8.17741153263742","8.16240503679483","04:03","25.9"],["2017 WJ16","5","2459177.036929361","2020-Nov-23 12:53","0.0127091896304229","0.01043030494715","0.01572438024177","4.75066355638837","4.70632601749626","1_18:20","24.3"],["2018 RQ4","6","2459179.694905144","2020-Nov-26 04:41","0.0208558171837912","0.00285411045178811","0.0572555901582887","7.43856924406299","7.42137441041999","8_01:42","26.9"],["2020 KZ2","5","2459181.696573437","2020-Nov-28 04:43","0.0145807732550289","0.0143258402477287","0.0148369892668334","3.91171979677915","3.86472163295805","00:32","27.683"],["153201","116","2459182.714106554","2020-Nov-29 05:08","0.0287618678984483","0.0287609099965326","0.0287628258007809","25.0726387403463","25.0689436315515","&lt; 00:01","19.3"],["2020 SO","7","2459184.851852288","2020-Dec-01 08:27","0.000338565614708767","0.000332424055141719","0.00034471957687446","3.89614345638573",null,"01:55","28.304"],["2019 XH2","2","2459186.370797788","2020-Dec-02 20:54","0.0412567445803152","0.0402962941868718","0.0422179557413965","6.36365066915733","6.35349384837461","00:52","28.9"]]}
 
 </msg>
<msg timestamp="20201005 23:56:10.192" level="INFO">c:\users\divan\appdata\local\programs\python\python38\lib\site-packages\urllib3\connectionpool.py:979: InsecureRequestWarning: Unverified HTTPS request is being made to host 'ssd-api.jpl.nasa.gov'. Adding certificate verification is strongly advised. See: https://urllib3.readthedocs.io/en/latest/advanced-usage.html#ssl-warnings
  warnings.warn(</msg>
<msg timestamp="20201005 23:56:10.194" level="INFO">${response} = &lt;Response [200]&gt;</msg>
<status status="PASS" starttime="20201005 23:56:08.457" endtime="20201005 23:56:10.194"></status>
</kw>
<kw name="Convert To String" library="BuiltIn">
<doc>Converts the given item to a Unicode string.</doc>
<arguments>
<arg>${response.status_code}</arg>
</arguments>
<assign>
<var>${statusC}</var>
</assign>
<msg timestamp="20201005 23:56:10.196" level="INFO">${statusC} = 200</msg>
<status status="PASS" starttime="20201005 23:56:10.194" endtime="20201005 23:56:10.196"></status>
</kw>
<kw name="Should Be Equal" library="BuiltIn">
<doc>Fails if the given objects are unequal.</doc>
<arguments>
<arg>${expectedStatusCode}</arg>
<arg>${statusC}</arg>
</arguments>
<status status="PASS" starttime="20201005 23:56:10.196" endtime="20201005 23:56:10.197"></status>
</kw>
<kw name="Convert To String" library="BuiltIn">
<doc>Converts the given item to a Unicode string.</doc>
<arguments>
<arg>${response.content}</arg>
</arguments>
<assign>
<var>${responsebody}</var>
</assign>
<msg timestamp="20201005 23:56:10.200" level="INFO">${responsebody} = {"signature":{"source":"NASA/JPL SBDB Close Approach Data API","version":"1.1"},"count":"29","fields":["des","orbit_id","jd","cd","dist","dist_min","dist_max","v_rel","v_inf","t_sigma_f","h"],"data":[...</msg>
<status status="PASS" starttime="20201005 23:56:10.199" endtime="20201005 23:56:10.200"></status>
</kw>
<kw name="Should Contain" library="BuiltIn">
<doc>Fails if ``container`` does not contain ``item`` one or more times.</doc>
<arguments>
<arg>${responsebody}</arg>
<arg>signature</arg>
</arguments>
<status status="PASS" starttime="20201005 23:56:10.200" endtime="20201005 23:56:10.201"></status>
</kw>
<status status="PASS" starttime="20201005 23:56:08.440" endtime="20201005 23:56:10.201"></status>
</kw>
<status status="PASS" starttime="20201005 23:56:08.421" endtime="20201005 23:56:10.202" critical="yes"></status>
</test>
<test id="s1-t2" name="TC002">
<kw name="Verify Status Code with Valid Query Params" library="User_Keywords">
<arguments>
<arg>date-min=now date-max=+60 dist-max=0.05</arg>
<arg>200</arg>
</arguments>
<kw name="Create Session" library="RequestsLibrary">
<doc>Create Session: create a HTTP session to a server</doc>
<arguments>
<arg>SName</arg>
<arg>${api_endpoint}</arg>
</arguments>
<msg timestamp="20201005 23:56:10.209" level="INFO">Creating Session using : alias=SName, url=https://ssd-api.jpl.nasa.gov, headers={},                     cookies={}, auth=None, timeout=None, proxies=None, verify=False,                     debug=0 </msg>
<status status="PASS" starttime="20201005 23:56:10.208" endtime="20201005 23:56:10.210"></status>
</kw>
<kw name="Create Dictionary" library="BuiltIn">
<doc>Creates and returns a dictionary based on the given ``items``.</doc>
<arguments>
<arg>date-min=now</arg>
<arg>date-max=+60</arg>
<arg>dist-max=0.05</arg>
</arguments>
<assign>
<var>${params}</var>
</assign>
<msg timestamp="20201005 23:56:10.212" level="INFO">${params} = {'date-min': 'now', 'date-max': '+60', 'dist-max': '0.05'}</msg>
<status status="PASS" starttime="20201005 23:56:10.210" endtime="20201005 23:56:10.212"></status>
</kw>
<kw name="Get Request" library="RequestsLibrary">
<doc>Send a GET request on the session object found using the
given `alias`</doc>
<arguments>
<arg>SName</arg>
<arg>/cad.api</arg>
<arg>params=${params}</arg>
</arguments>
<assign>
<var>${response}</var>
</assign>
<msg timestamp="20201005 23:56:11.326" level="INFO">GET Request : url=https://ssd-api.jpl.nasa.gov/cad.api?date-min=now&amp;date-max=%2B60&amp;dist-max=0.05 
 path_url=/cad.api?date-min=now&amp;date-max=%2B60&amp;dist-max=0.05 
 headers={'User-Agent': 'python-requests/2.23.0', 'Accept-Encoding': 'gzip, deflate', 'Accept': '*/*', 'Connection': 'keep-alive'} 
 body=None 
 </msg>
<msg timestamp="20201005 23:56:11.328" level="INFO">GET Response : url=https://ssd-api.jpl.nasa.gov/cad.api?date-min=now&amp;date-max=%2B60&amp;dist-max=0.05 
 status=200, reason=OK 
 body={"signature":{"source":"NASA/JPL SBDB Close Approach Data API","version":"1.1"},"count":"29","fields":["des","orbit_id","jd","cd","dist","dist_min","dist_max","v_rel","v_inf","t_sigma_f","h"],"data":[["2020 RV2","8","2459128.455794825","2020-Oct-05 22:56","0.0380358854669288","0.0378990941391581","0.0381726686949511","4.16017343376627","4.14330056255971","&lt; 00:01","25.675"],["2020 RR2","8","2459129.121389609","2020-Oct-06 14:55","0.041704788465237","0.0416108342680649","0.0417987393771391","4.07810840893017","4.06241185675759","&lt; 00:01","25.519"],["2020 RK2","14","2459130.049684480","2020-Oct-07 13:12","0.0255806324423237","0.0255588889468833","0.0256023757632238","6.67561121678676","6.65998986980429","&lt; 00:01","24.276"],["2019 SB6","2","2459130.474376995","2020-Oct-07 23:23","0.0304426271757058","0.0227471207759548","0.038143587726216","7.57778003426213","7.56622105215934","03:41","26.8"],["2020 SR6","4","2459130.735526412","2020-Oct-08 05:39","0.0180740360129551","0.0180230116195297","0.0181250573629668","5.25612847462795","5.2280059290518","&lt; 00:01","25.664"],["2020 SX3","3","2459130.969041502","2020-Oct-08 11:15","0.0113556690965866","0.0113516579770186","0.0113596802070396","10.8797211196823","10.8581330927149","&lt; 00:01","24.137"],["2020 RO1","6","2459132.176099360","2020-Oct-09 16:14","0.0446426128387153","0.0446183022344079","0.0446669231400666","3.21359061471866","3.19496405479672","&lt; 00:01","25.384"],["2018 GD2","1","2459136.073021506","2020-Oct-13 13:45","0.0418695882785897","0.0370963199607446","0.0466556919039509","6.70010747896787","6.69060274315132","03:59","29.4"],["2020 RM6","3","2459137.714985749","2020-Oct-15 05:10","0.0332524282415109","0.0332142128497172","0.0332906433684523","7.70426074113868","7.69385312032927","00:02","24.831"],["2017 UH5","2","2459142.636167668","2020-Oct-20 03:16","0.0228340554196692","0.0222591527415551","0.0414088955279864","5.92821261429195","5.90849618170005","6_12:30","26.5"],["2020 SG3","3","2459143.412223093","2020-Oct-20 21:54","0.0499210032521326","0.0496083706529744","0.0502336225391414","5.33209456677164","5.32207521939182","00:05","25.109"],["2018 VG","3","2459144.153455600","2020-Oct-21 15:41","0.0387040891193301","0.0374898264219415","0.0399273001093406","6.72609608291864","6.7158531754433","19:40","27.4"],["2017 TK6","8","2459146.940793558","2020-Oct-24 10:35","0.0441892043374442","0.0424566365206183","0.0471094261315949","12.4455264686515","12.4406806466282","03:58","24.7"],["2008 GM2","12","2459148.492460866","2020-Oct-25 23:49","0.0452029089395396","0.0362103357028827","0.0545926865198956","3.58621722267222","3.56974288141363","07:38","28.3"],["2020 QD5","2","2459148.621940456","2020-Oct-26 02:56","0.025763042373117","0.0257243482456801","0.0258017423282164","8.56921365449276","8.55713606131734","00:45","23.227"],["2020 OK5","18","2459151.870636348","2020-Oct-29 08:54","0.0164314334695969","0.0164248365373497","0.01643802959727","1.2860276781793","1.15306213653123","00:01","25.546"],["2018 VP1","4","2459155.981541014","2020-Nov-02 11:33","0.00280167254552464","3.90766585857012e-05","0.0256085074009903","9.71114662839966","9.61271582257126","3_07:11","30.9"],["2020 HF4","5","2459157.453326852","2020-Nov-03 22:53","0.0414035151003734","0.0410997052947467","0.0417073377153219","2.88844049797212","2.86607407960607","00:04","27.563"],["2010 JL88","7","2459159.419528397","2020-Nov-05 22:04","0.0267818380363214","0.00118085989258472","0.124246396626902","15.6639825482897","15.6576298553779","5_18:57","26.8"],["2019 XS","4","2459161.384049088","2020-Nov-07 21:13","0.0393955999561795","0.0348619785193184","0.0439367808461489","9.44588784861025","9.43872498720352","03:14","24.2"],["2018 VS4","3","2459162.958550490","2020-Nov-09 11:00","0.0381472776329596","0.0344188790586722","0.0835829161332143","10.0703922632204","10.0634539795072","5_07:22","25.8"],["2020 ST1","5","2459167.867201054","2020-Nov-14 08:49","0.0489062045875945","0.0487282671683256","0.0490841419676598","8.05267992569337","8.04591145558971","00:53","21.704"],["2019 VL5","2","2459168.934759671","2020-Nov-15 10:26","0.021732810007007","0.0217292375096055","0.0223542176744774","8.17741153263742","8.16240503679483","04:03","25.9"],["2017 WJ16","5","2459177.036929361","2020-Nov-23 12:53","0.0127091896304229","0.01043030494715","0.01572438024177","4.75066355638837","4.70632601749626","1_18:20","24.3"],["2018 RQ4","6","2459179.694905144","2020-Nov-26 04:41","0.0208558171837912","0.00285411045178811","0.0572555901582887","7.43856924406299","7.42137441041999","8_01:42","26.9"],["2020 KZ2","5","2459181.696573437","2020-Nov-28 04:43","0.0145807732550289","0.0143258402477287","0.0148369892668334","3.91171979677915","3.86472163295805","00:32","27.683"],["153201","116","2459182.714106554","2020-Nov-29 05:08","0.0287618678984483","0.0287609099965326","0.0287628258007809","25.0726387403463","25.0689436315515","&lt; 00:01","19.3"],["2020 SO","7","2459184.851852288","2020-Dec-01 08:27","0.000338565614708767","0.000332424055141719","0.00034471957687446","3.89614345638573",null,"01:55","28.304"],["2019 XH2","2","2459186.370797788","2020-Dec-02 20:54","0.0412567445803152","0.0402962941868718","0.0422179557413965","6.36365066915733","6.35349384837461","00:52","28.9"]]}
 
 </msg>
<msg timestamp="20201005 23:56:11.328" level="INFO">c:\users\divan\appdata\local\programs\python\python38\lib\site-packages\urllib3\connectionpool.py:979: InsecureRequestWarning: Unverified HTTPS request is being made to host 'ssd-api.jpl.nasa.gov'. Adding certificate verification is strongly advised. See: https://urllib3.readthedocs.io/en/latest/advanced-usage.html#ssl-warnings
  warnings.warn(</msg>
<msg timestamp="20201005 23:56:11.333" level="INFO">${response} = &lt;Response [200]&gt;</msg>
<status status="PASS" starttime="20201005 23:56:10.213" endtime="20201005 23:56:11.334"></status>
</kw>
<kw name="Convert To String" library="BuiltIn">
<doc>Converts the given item to a Unicode string.</doc>
<arguments>
<arg>${response.status_code}</arg>
</arguments>
<assign>
<var>${statusC}</var>
</assign>
<msg timestamp="20201005 23:56:11.338" level="INFO">${statusC} = 200</msg>
<status status="PASS" starttime="20201005 23:56:11.335" endtime="20201005 23:56:11.338"></status>
</kw>
<kw name="Should Be Equal" library="BuiltIn">
<doc>Fails if the given objects are unequal.</doc>
<arguments>
<arg>${expectedStatusCode}</arg>
<arg>${statusC}</arg>
</arguments>
<status status="PASS" starttime="20201005 23:56:11.339" endtime="20201005 23:56:11.341"></status>
</kw>
<status status="PASS" starttime="20201005 23:56:10.207" endtime="20201005 23:56:11.341"></status>
</kw>
<kw name="Verify Status Code with Valid Query Params" library="User_Keywords">
<arguments>
<arg>dist-max=10LD date-min=2018-01-01 sort=dist</arg>
<arg>200</arg>
</arguments>
<kw name="Create Session" library="RequestsLibrary">
<doc>Create Session: create a HTTP session to a server</doc>
<arguments>
<arg>SName</arg>
<arg>${api_endpoint}</arg>
</arguments>
<msg timestamp="20201005 23:56:11.345" level="INFO">Creating Session using : alias=SName, url=https://ssd-api.jpl.nasa.gov, headers={},                     cookies={}, auth=None, timeout=None, proxies=None, verify=False,                     debug=0 </msg>
<status status="PASS" starttime="20201005 23:56:11.344" endtime="20201005 23:56:11.347"></status>
</kw>
<kw name="Create Dictionary" library="BuiltIn">
<doc>Creates and returns a dictionary based on the given ``items``.</doc>
<arguments>
<arg>date-min=now</arg>
<arg>date-max=+60</arg>
<arg>dist-max=0.05</arg>
</arguments>
<assign>
<var>${params}</var>
</assign>
<msg timestamp="20201005 23:56:11.349" level="INFO">${params} = {'date-min': 'now', 'date-max': '+60', 'dist-max': '0.05'}</msg>
<status status="PASS" starttime="20201005 23:56:11.347" endtime="20201005 23:56:11.349"></status>
</kw>
<kw name="Get Request" library="RequestsLibrary">
<doc>Send a GET request on the session object found using the
given `alias`</doc>
<arguments>
<arg>SName</arg>
<arg>/cad.api</arg>
<arg>params=${params}</arg>
</arguments>
<assign>
<var>${response}</var>
</assign>
<msg timestamp="20201005 23:56:12.489" level="INFO">GET Request : url=https://ssd-api.jpl.nasa.gov/cad.api?date-min=now&amp;date-max=%2B60&amp;dist-max=0.05 
 path_url=/cad.api?date-min=now&amp;date-max=%2B60&amp;dist-max=0.05 
 headers={'User-Agent': 'python-requests/2.23.0', 'Accept-Encoding': 'gzip, deflate', 'Accept': '*/*', 'Connection': 'keep-alive'} 
 body=None 
 </msg>
<msg timestamp="20201005 23:56:12.489" level="INFO">GET Response : url=https://ssd-api.jpl.nasa.gov/cad.api?date-min=now&amp;date-max=%2B60&amp;dist-max=0.05 
 status=200, reason=OK 
 body={"signature":{"source":"NASA/JPL SBDB Close Approach Data API","version":"1.1"},"count":"29","fields":["des","orbit_id","jd","cd","dist","dist_min","dist_max","v_rel","v_inf","t_sigma_f","h"],"data":[["2020 RV2","8","2459128.455794825","2020-Oct-05 22:56","0.0380358854669288","0.0378990941391581","0.0381726686949511","4.16017343376627","4.14330056255971","&lt; 00:01","25.675"],["2020 RR2","8","2459129.121389609","2020-Oct-06 14:55","0.041704788465237","0.0416108342680649","0.0417987393771391","4.07810840893017","4.06241185675759","&lt; 00:01","25.519"],["2020 RK2","14","2459130.049684480","2020-Oct-07 13:12","0.0255806324423237","0.0255588889468833","0.0256023757632238","6.67561121678676","6.65998986980429","&lt; 00:01","24.276"],["2019 SB6","2","2459130.474376995","2020-Oct-07 23:23","0.0304426271757058","0.0227471207759548","0.038143587726216","7.57778003426213","7.56622105215934","03:41","26.8"],["2020 SR6","4","2459130.735526412","2020-Oct-08 05:39","0.0180740360129551","0.0180230116195297","0.0181250573629668","5.25612847462795","5.2280059290518","&lt; 00:01","25.664"],["2020 SX3","3","2459130.969041502","2020-Oct-08 11:15","0.0113556690965866","0.0113516579770186","0.0113596802070396","10.8797211196823","10.8581330927149","&lt; 00:01","24.137"],["2020 RO1","6","2459132.176099360","2020-Oct-09 16:14","0.0446426128387153","0.0446183022344079","0.0446669231400666","3.21359061471866","3.19496405479672","&lt; 00:01","25.384"],["2018 GD2","1","2459136.073021506","2020-Oct-13 13:45","0.0418695882785897","0.0370963199607446","0.0466556919039509","6.70010747896787","6.69060274315132","03:59","29.4"],["2020 RM6","3","2459137.714985749","2020-Oct-15 05:10","0.0332524282415109","0.0332142128497172","0.0332906433684523","7.70426074113868","7.69385312032927","00:02","24.831"],["2017 UH5","2","2459142.636167668","2020-Oct-20 03:16","0.0228340554196692","0.0222591527415551","0.0414088955279864","5.92821261429195","5.90849618170005","6_12:30","26.5"],["2020 SG3","3","2459143.412223093","2020-Oct-20 21:54","0.0499210032521326","0.0496083706529744","0.0502336225391414","5.33209456677164","5.32207521939182","00:05","25.109"],["2018 VG","3","2459144.153455600","2020-Oct-21 15:41","0.0387040891193301","0.0374898264219415","0.0399273001093406","6.72609608291864","6.7158531754433","19:40","27.4"],["2017 TK6","8","2459146.940793558","2020-Oct-24 10:35","0.0441892043374442","0.0424566365206183","0.0471094261315949","12.4455264686515","12.4406806466282","03:58","24.7"],["2008 GM2","12","2459148.492460866","2020-Oct-25 23:49","0.0452029089395396","0.0362103357028827","0.0545926865198956","3.58621722267222","3.56974288141363","07:38","28.3"],["2020 QD5","2","2459148.621940456","2020-Oct-26 02:56","0.025763042373117","0.0257243482456801","0.0258017423282164","8.56921365449276","8.55713606131734","00:45","23.227"],["2020 OK5","18","2459151.870636348","2020-Oct-29 08:54","0.0164314334695969","0.0164248365373497","0.01643802959727","1.2860276781793","1.15306213653123","00:01","25.546"],["2018 VP1","4","2459155.981541014","2020-Nov-02 11:33","0.00280167254552464","3.90766585857012e-05","0.0256085074009903","9.71114662839966","9.61271582257126","3_07:11","30.9"],["2020 HF4","5","2459157.453326852","2020-Nov-03 22:53","0.0414035151003734","0.0410997052947467","0.0417073377153219","2.88844049797212","2.86607407960607","00:04","27.563"],["2010 JL88","7","2459159.419528397","2020-Nov-05 22:04","0.0267818380363214","0.00118085989258472","0.124246396626902","15.6639825482897","15.6576298553779","5_18:57","26.8"],["2019 XS","4","2459161.384049088","2020-Nov-07 21:13","0.0393955999561795","0.0348619785193184","0.0439367808461489","9.44588784861025","9.43872498720352","03:14","24.2"],["2018 VS4","3","2459162.958550490","2020-Nov-09 11:00","0.0381472776329596","0.0344188790586722","0.0835829161332143","10.0703922632204","10.0634539795072","5_07:22","25.8"],["2020 ST1","5","2459167.867201054","2020-Nov-14 08:49","0.0489062045875945","0.0487282671683256","0.0490841419676598","8.05267992569337","8.04591145558971","00:53","21.704"],["2019 VL5","2","2459168.934759671","2020-Nov-15 10:26","0.021732810007007","0.0217292375096055","0.0223542176744774","8.17741153263742","8.16240503679483","04:03","25.9"],["2017 WJ16","5","2459177.036929361","2020-Nov-23 12:53","0.0127091896304229","0.01043030494715","0.01572438024177","4.75066355638837","4.70632601749626","1_18:20","24.3"],["2018 RQ4","6","2459179.694905144","2020-Nov-26 04:41","0.0208558171837912","0.00285411045178811","0.0572555901582887","7.43856924406299","7.42137441041999","8_01:42","26.9"],["2020 KZ2","5","2459181.696573437","2020-Nov-28 04:43","0.0145807732550289","0.0143258402477287","0.0148369892668334","3.91171979677915","3.86472163295805","00:32","27.683"],["153201","116","2459182.714106554","2020-Nov-29 05:08","0.0287618678984483","0.0287609099965326","0.0287628258007809","25.0726387403463","25.0689436315515","&lt; 00:01","19.3"],["2020 SO","7","2459184.851852288","2020-Dec-01 08:27","0.000338565614708767","0.000332424055141719","0.00034471957687446","3.89614345638573",null,"01:55","28.304"],["2019 XH2","2","2459186.370797788","2020-Dec-02 20:54","0.0412567445803152","0.0402962941868718","0.0422179557413965","6.36365066915733","6.35349384837461","00:52","28.9"]]}
 
 </msg>
<msg timestamp="20201005 23:56:12.490" level="INFO">c:\users\divan\appdata\local\programs\python\python38\lib\site-packages\urllib3\connectionpool.py:979: InsecureRequestWarning: Unverified HTTPS request is being made to host 'ssd-api.jpl.nasa.gov'. Adding certificate verification is strongly advised. See: https://urllib3.readthedocs.io/en/latest/advanced-usage.html#ssl-warnings
  warnings.warn(</msg>
<msg timestamp="20201005 23:56:12.491" level="INFO">${response} = &lt;Response [200]&gt;</msg>
<status status="PASS" starttime="20201005 23:56:11.349" endtime="20201005 23:56:12.491"></status>
</kw>
<kw name="Convert To String" library="BuiltIn">
<doc>Converts the given item to a Unicode string.</doc>
<arguments>
<arg>${response.status_code}</arg>
</arguments>
<assign>
<var>${statusC}</var>
</assign>
<msg timestamp="20201005 23:56:12.492" level="INFO">${statusC} = 200</msg>
<status status="PASS" starttime="20201005 23:56:12.491" endtime="20201005 23:56:12.492"></status>
</kw>
<kw name="Should Be Equal" library="BuiltIn">
<doc>Fails if the given objects are unequal.</doc>
<arguments>
<arg>${expectedStatusCode}</arg>
<arg>${statusC}</arg>
</arguments>
<status status="PASS" starttime="20201005 23:56:12.492" endtime="20201005 23:56:12.494"></status>
</kw>
<status status="PASS" starttime="20201005 23:56:11.342" endtime="20201005 23:56:12.494"></status>
</kw>
<kw name="Verify Status Code with Valid Query Params" library="User_Keywords">
<arguments>
<arg>des=141P</arg>
<arg>200</arg>
</arguments>
<kw name="Create Session" library="RequestsLibrary">
<doc>Create Session: create a HTTP session to a server</doc>
<arguments>
<arg>SName</arg>
<arg>${api_endpoint}</arg>
</arguments>
<msg timestamp="20201005 23:56:12.496" level="INFO">Creating Session using : alias=SName, url=https://ssd-api.jpl.nasa.gov, headers={},                     cookies={}, auth=None, timeout=None, proxies=None, verify=False,                     debug=0 </msg>
<status status="PASS" starttime="20201005 23:56:12.496" endtime="20201005 23:56:12.497"></status>
</kw>
<kw name="Create Dictionary" library="BuiltIn">
<doc>Creates and returns a dictionary based on the given ``items``.</doc>
<arguments>
<arg>date-min=now</arg>
<arg>date-max=+60</arg>
<arg>dist-max=0.05</arg>
</arguments>
<assign>
<var>${params}</var>
</assign>
<msg timestamp="20201005 23:56:12.498" level="INFO">${params} = {'date-min': 'now', 'date-max': '+60', 'dist-max': '0.05'}</msg>
<status status="PASS" starttime="20201005 23:56:12.497" endtime="20201005 23:56:12.498"></status>
</kw>
<kw name="Get Request" library="RequestsLibrary">
<doc>Send a GET request on the session object found using the
given `alias`</doc>
<arguments>
<arg>SName</arg>
<arg>/cad.api</arg>
<arg>params=${params}</arg>
</arguments>
<assign>
<var>${response}</var>
</assign>
<msg timestamp="20201005 23:56:13.680" level="INFO">GET Request : url=https://ssd-api.jpl.nasa.gov/cad.api?date-min=now&amp;date-max=%2B60&amp;dist-max=0.05 
 path_url=/cad.api?date-min=now&amp;date-max=%2B60&amp;dist-max=0.05 
 headers={'User-Agent': 'python-requests/2.23.0', 'Accept-Encoding': 'gzip, deflate', 'Accept': '*/*', 'Connection': 'keep-alive'} 
 body=None 
 </msg>
<msg timestamp="20201005 23:56:13.682" level="INFO">GET Response : url=https://ssd-api.jpl.nasa.gov/cad.api?date-min=now&amp;date-max=%2B60&amp;dist-max=0.05 
 status=200, reason=OK 
 body={"signature":{"source":"NASA/JPL SBDB Close Approach Data API","version":"1.1"},"count":"29","fields":["des","orbit_id","jd","cd","dist","dist_min","dist_max","v_rel","v_inf","t_sigma_f","h"],"data":[["2020 RV2","8","2459128.455794825","2020-Oct-05 22:56","0.0380358854669288","0.0378990941391581","0.0381726686949511","4.16017343376627","4.14330056255971","&lt; 00:01","25.675"],["2020 RR2","8","2459129.121389609","2020-Oct-06 14:55","0.041704788465237","0.0416108342680649","0.0417987393771391","4.07810840893017","4.06241185675759","&lt; 00:01","25.519"],["2020 RK2","14","2459130.049684480","2020-Oct-07 13:12","0.0255806324423237","0.0255588889468833","0.0256023757632238","6.67561121678676","6.65998986980429","&lt; 00:01","24.276"],["2019 SB6","2","2459130.474376995","2020-Oct-07 23:23","0.0304426271757058","0.0227471207759548","0.038143587726216","7.57778003426213","7.56622105215934","03:41","26.8"],["2020 SR6","4","2459130.735526412","2020-Oct-08 05:39","0.0180740360129551","0.0180230116195297","0.0181250573629668","5.25612847462795","5.2280059290518","&lt; 00:01","25.664"],["2020 SX3","3","2459130.969041502","2020-Oct-08 11:15","0.0113556690965866","0.0113516579770186","0.0113596802070396","10.8797211196823","10.8581330927149","&lt; 00:01","24.137"],["2020 RO1","6","2459132.176099360","2020-Oct-09 16:14","0.0446426128387153","0.0446183022344079","0.0446669231400666","3.21359061471866","3.19496405479672","&lt; 00:01","25.384"],["2018 GD2","1","2459136.073021506","2020-Oct-13 13:45","0.0418695882785897","0.0370963199607446","0.0466556919039509","6.70010747896787","6.69060274315132","03:59","29.4"],["2020 RM6","3","2459137.714985749","2020-Oct-15 05:10","0.0332524282415109","0.0332142128497172","0.0332906433684523","7.70426074113868","7.69385312032927","00:02","24.831"],["2017 UH5","2","2459142.636167668","2020-Oct-20 03:16","0.0228340554196692","0.0222591527415551","0.0414088955279864","5.92821261429195","5.90849618170005","6_12:30","26.5"],["2020 SG3","3","2459143.412223093","2020-Oct-20 21:54","0.0499210032521326","0.0496083706529744","0.0502336225391414","5.33209456677164","5.32207521939182","00:05","25.109"],["2018 VG","3","2459144.153455600","2020-Oct-21 15:41","0.0387040891193301","0.0374898264219415","0.0399273001093406","6.72609608291864","6.7158531754433","19:40","27.4"],["2017 TK6","8","2459146.940793558","2020-Oct-24 10:35","0.0441892043374442","0.0424566365206183","0.0471094261315949","12.4455264686515","12.4406806466282","03:58","24.7"],["2008 GM2","12","2459148.492460866","2020-Oct-25 23:49","0.0452029089395396","0.0362103357028827","0.0545926865198956","3.58621722267222","3.56974288141363","07:38","28.3"],["2020 QD5","2","2459148.621940456","2020-Oct-26 02:56","0.025763042373117","0.0257243482456801","0.0258017423282164","8.56921365449276","8.55713606131734","00:45","23.227"],["2020 OK5","18","2459151.870636348","2020-Oct-29 08:54","0.0164314334695969","0.0164248365373497","0.01643802959727","1.2860276781793","1.15306213653123","00:01","25.546"],["2018 VP1","4","2459155.981541014","2020-Nov-02 11:33","0.00280167254552464","3.90766585857012e-05","0.0256085074009903","9.71114662839966","9.61271582257126","3_07:11","30.9"],["2020 HF4","5","2459157.453326852","2020-Nov-03 22:53","0.0414035151003734","0.0410997052947467","0.0417073377153219","2.88844049797212","2.86607407960607","00:04","27.563"],["2010 JL88","7","2459159.419528397","2020-Nov-05 22:04","0.0267818380363214","0.00118085989258472","0.124246396626902","15.6639825482897","15.6576298553779","5_18:57","26.8"],["2019 XS","4","2459161.384049088","2020-Nov-07 21:13","0.0393955999561795","0.0348619785193184","0.0439367808461489","9.44588784861025","9.43872498720352","03:14","24.2"],["2018 VS4","3","2459162.958550490","2020-Nov-09 11:00","0.0381472776329596","0.0344188790586722","0.0835829161332143","10.0703922632204","10.0634539795072","5_07:22","25.8"],["2020 ST1","5","2459167.867201054","2020-Nov-14 08:49","0.0489062045875945","0.0487282671683256","0.0490841419676598","8.05267992569337","8.04591145558971","00:53","21.704"],["2019 VL5","2","2459168.934759671","2020-Nov-15 10:26","0.021732810007007","0.0217292375096055","0.0223542176744774","8.17741153263742","8.16240503679483","04:03","25.9"],["2017 WJ16","5","2459177.036929361","2020-Nov-23 12:53","0.0127091896304229","0.01043030494715","0.01572438024177","4.75066355638837","4.70632601749626","1_18:20","24.3"],["2018 RQ4","6","2459179.694905144","2020-Nov-26 04:41","0.0208558171837912","0.00285411045178811","0.0572555901582887","7.43856924406299","7.42137441041999","8_01:42","26.9"],["2020 KZ2","5","2459181.696573437","2020-Nov-28 04:43","0.0145807732550289","0.0143258402477287","0.0148369892668334","3.91171979677915","3.86472163295805","00:32","27.683"],["153201","116","2459182.714106554","2020-Nov-29 05:08","0.0287618678984483","0.0287609099965326","0.0287628258007809","25.0726387403463","25.0689436315515","&lt; 00:01","19.3"],["2020 SO","7","2459184.851852288","2020-Dec-01 08:27","0.000338565614708767","0.000332424055141719","0.00034471957687446","3.89614345638573",null,"01:55","28.304"],["2019 XH2","2","2459186.370797788","2020-Dec-02 20:54","0.0412567445803152","0.0402962941868718","0.0422179557413965","6.36365066915733","6.35349384837461","00:52","28.9"]]}
 
 </msg>
<msg timestamp="20201005 23:56:13.683" level="INFO">c:\users\divan\appdata\local\programs\python\python38\lib\site-packages\urllib3\connectionpool.py:979: InsecureRequestWarning: Unverified HTTPS request is being made to host 'ssd-api.jpl.nasa.gov'. Adding certificate verification is strongly advised. See: https://urllib3.readthedocs.io/en/latest/advanced-usage.html#ssl-warnings
  warnings.warn(</msg>
<msg timestamp="20201005 23:56:13.684" level="INFO">${response} = &lt;Response [200]&gt;</msg>
<status status="PASS" starttime="20201005 23:56:12.499" endtime="20201005 23:56:13.684"></status>
</kw>
<kw name="Convert To String" library="BuiltIn">
<doc>Converts the given item to a Unicode string.</doc>
<arguments>
<arg>${response.status_code}</arg>
</arguments>
<assign>
<var>${statusC}</var>
</assign>
<msg timestamp="20201005 23:56:13.689" level="INFO">${statusC} = 200</msg>
<status status="PASS" starttime="20201005 23:56:13.685" endtime="20201005 23:56:13.689"></status>
</kw>
<kw name="Should Be Equal" library="BuiltIn">
<doc>Fails if the given objects are unequal.</doc>
<arguments>
<arg>${expectedStatusCode}</arg>
<arg>${statusC}</arg>
</arguments>
<status status="PASS" starttime="20201005 23:56:13.690" endtime="20201005 23:56:13.692"></status>
</kw>
<status status="PASS" starttime="20201005 23:56:12.495" endtime="20201005 23:56:13.694"></status>
</kw>
<status status="PASS" starttime="20201005 23:56:10.205" endtime="20201005 23:56:13.697" critical="yes"></status>
</test>
<test id="s1-t3" name="TC003">
<kw name="Verify Response when query too restrictive" library="User_Keywords">
<arguments>
<arg>des=141P</arg>
<arg>0</arg>
</arguments>
<kw name="Create Session" library="RequestsLibrary">
<doc>Create Session: create a HTTP session to a server</doc>
<arguments>
<arg>SName</arg>
<arg>${api_endpoint}</arg>
</arguments>
<msg timestamp="20201005 23:56:13.708" level="INFO">Creating Session using : alias=SName, url=https://ssd-api.jpl.nasa.gov, headers={},                     cookies={}, auth=None, timeout=None, proxies=None, verify=False,                     debug=0 </msg>
<status status="PASS" starttime="20201005 23:56:13.706" endtime="20201005 23:56:13.709"></status>
</kw>
<kw name="Create Dictionary" library="BuiltIn">
<doc>Creates and returns a dictionary based on the given ``items``.</doc>
<arguments>
<arg>des=141P</arg>
<arg>v-inf-min=18.5</arg>
</arguments>
<assign>
<var>${params}</var>
</assign>
<msg timestamp="20201005 23:56:13.713" level="INFO">${params} = {'des': '141P', 'v-inf-min': '18.5'}</msg>
<status status="PASS" starttime="20201005 23:56:13.710" endtime="20201005 23:56:13.713"></status>
</kw>
<kw name="Get Request" library="RequestsLibrary">
<doc>Send a GET request on the session object found using the
given `alias`</doc>
<arguments>
<arg>SName</arg>
<arg>/cad.api</arg>
<arg>params=${params}</arg>
</arguments>
<assign>
<var>${response}</var>
</assign>
<msg timestamp="20201005 23:56:14.949" level="INFO">GET Request : url=https://ssd-api.jpl.nasa.gov/cad.api?des=141P&amp;v-inf-min=18.5 
 path_url=/cad.api?des=141P&amp;v-inf-min=18.5 
 headers={'User-Agent': 'python-requests/2.23.0', 'Accept-Encoding': 'gzip, deflate', 'Accept': '*/*', 'Connection': 'keep-alive'} 
 body=None 
 </msg>
<msg timestamp="20201005 23:56:14.950" level="INFO">GET Response : url=https://ssd-api.jpl.nasa.gov/cad.api?des=141P&amp;v-inf-min=18.5 
 status=200, reason=OK 
 body={"count":"0","signature":{"source":"NASA/JPL SBDB Close Approach Data API","version":"1.1"}}
 
 </msg>
<msg timestamp="20201005 23:56:14.950" level="INFO">c:\users\divan\appdata\local\programs\python\python38\lib\site-packages\urllib3\connectionpool.py:979: InsecureRequestWarning: Unverified HTTPS request is being made to host 'ssd-api.jpl.nasa.gov'. Adding certificate verification is strongly advised. See: https://urllib3.readthedocs.io/en/latest/advanced-usage.html#ssl-warnings
  warnings.warn(</msg>
<msg timestamp="20201005 23:56:14.951" level="INFO">${response} = &lt;Response [200]&gt;</msg>
<status status="PASS" starttime="20201005 23:56:13.714" endtime="20201005 23:56:14.951"></status>
</kw>
<kw name="Convert To String" library="BuiltIn">
<doc>Converts the given item to a Unicode string.</doc>
<arguments>
<arg>${response.content}</arg>
</arguments>
<assign>
<var>${expectedcount}</var>
</assign>
<msg timestamp="20201005 23:56:14.954" level="INFO">${expectedcount} = {"count":"0","signature":{"source":"NASA/JPL SBDB Close Approach Data API","version":"1.1"}}
</msg>
<status status="PASS" starttime="20201005 23:56:14.952" endtime="20201005 23:56:14.954"></status>
</kw>
<kw name="Should Be Equal" library="BuiltIn">
<doc>Fails if the given objects are unequal.</doc>
<arguments>
<arg>${expectedcountno}</arg>
<arg>0</arg>
</arguments>
<status status="PASS" starttime="20201005 23:56:14.954" endtime="20201005 23:56:14.955"></status>
</kw>
<status status="PASS" starttime="20201005 23:56:13.704" endtime="20201005 23:56:14.956"></status>
</kw>
<kw name="Verify Response when query too restrictive" library="User_Keywords">
<arguments>
<arg>des=141P v-inf-min=18.5</arg>
<arg>0</arg>
</arguments>
<kw name="Create Session" library="RequestsLibrary">
<doc>Create Session: create a HTTP session to a server</doc>
<arguments>
<arg>SName</arg>
<arg>${api_endpoint}</arg>
</arguments>
<msg timestamp="20201005 23:56:14.959" level="INFO">Creating Session using : alias=SName, url=https://ssd-api.jpl.nasa.gov, headers={},                     cookies={}, auth=None, timeout=None, proxies=None, verify=False,                     debug=0 </msg>
<status status="PASS" starttime="20201005 23:56:14.958" endtime="20201005 23:56:14.961"></status>
</kw>
<kw name="Create Dictionary" library="BuiltIn">
<doc>Creates and returns a dictionary based on the given ``items``.</doc>
<arguments>
<arg>des=141P</arg>
<arg>v-inf-min=18.5</arg>
</arguments>
<assign>
<var>${params}</var>
</assign>
<msg timestamp="20201005 23:56:14.962" level="INFO">${params} = {'des': '141P', 'v-inf-min': '18.5'}</msg>
<status status="PASS" starttime="20201005 23:56:14.961" endtime="20201005 23:56:14.963"></status>
</kw>
<kw name="Get Request" library="RequestsLibrary">
<doc>Send a GET request on the session object found using the
given `alias`</doc>
<arguments>
<arg>SName</arg>
<arg>/cad.api</arg>
<arg>params=${params}</arg>
</arguments>
<assign>
<var>${response}</var>
</assign>
<msg timestamp="20201005 23:56:16.104" level="INFO">GET Request : url=https://ssd-api.jpl.nasa.gov/cad.api?des=141P&amp;v-inf-min=18.5 
 path_url=/cad.api?des=141P&amp;v-inf-min=18.5 
 headers={'User-Agent': 'python-requests/2.23.0', 'Accept-Encoding': 'gzip, deflate', 'Accept': '*/*', 'Connection': 'keep-alive'} 
 body=None 
 </msg>
<msg timestamp="20201005 23:56:16.105" level="INFO">GET Response : url=https://ssd-api.jpl.nasa.gov/cad.api?des=141P&amp;v-inf-min=18.5 
 status=200, reason=OK 
 body={"count":"0","signature":{"source":"NASA/JPL SBDB Close Approach Data API","version":"1.1"}}
 
 </msg>
<msg timestamp="20201005 23:56:16.105" level="INFO">c:\users\divan\appdata\local\programs\python\python38\lib\site-packages\urllib3\connectionpool.py:979: InsecureRequestWarning: Unverified HTTPS request is being made to host 'ssd-api.jpl.nasa.gov'. Adding certificate verification is strongly advised. See: https://urllib3.readthedocs.io/en/latest/advanced-usage.html#ssl-warnings
  warnings.warn(</msg>
<msg timestamp="20201005 23:56:16.108" level="INFO">${response} = &lt;Response [200]&gt;</msg>
<status status="PASS" starttime="20201005 23:56:14.963" endtime="20201005 23:56:16.109"></status>
</kw>
<kw name="Convert To String" library="BuiltIn">
<doc>Converts the given item to a Unicode string.</doc>
<arguments>
<arg>${response.content}</arg>
</arguments>
<assign>
<var>${expectedcount}</var>
</assign>
<msg timestamp="20201005 23:56:16.114" level="INFO">${expectedcount} = {"count":"0","signature":{"source":"NASA/JPL SBDB Close Approach Data API","version":"1.1"}}
</msg>
<status status="PASS" starttime="20201005 23:56:16.110" endtime="20201005 23:56:16.114"></status>
</kw>
<kw name="Should Be Equal" library="BuiltIn">
<doc>Fails if the given objects are unequal.</doc>
<arguments>
<arg>${expectedcountno}</arg>
<arg>0</arg>
</arguments>
<status status="PASS" starttime="20201005 23:56:16.116" endtime="20201005 23:56:16.117"></status>
</kw>
<status status="PASS" starttime="20201005 23:56:14.957" endtime="20201005 23:56:16.117"></status>
</kw>
<kw name="Verify Response when query too restrictive" library="User_Keywords">
<arguments>
<arg>date-min=now&amp;date-max=now&amp;dist-max=0.05</arg>
<arg>0</arg>
</arguments>
<kw name="Create Session" library="RequestsLibrary">
<doc>Create Session: create a HTTP session to a server</doc>
<arguments>
<arg>SName</arg>
<arg>${api_endpoint}</arg>
</arguments>
<msg timestamp="20201005 23:56:16.123" level="INFO">Creating Session using : alias=SName, url=https://ssd-api.jpl.nasa.gov, headers={},                     cookies={}, auth=None, timeout=None, proxies=None, verify=False,                     debug=0 </msg>
<status status="PASS" starttime="20201005 23:56:16.122" endtime="20201005 23:56:16.125"></status>
</kw>
<kw name="Create Dictionary" library="BuiltIn">
<doc>Creates and returns a dictionary based on the given ``items``.</doc>
<arguments>
<arg>des=141P</arg>
<arg>v-inf-min=18.5</arg>
</arguments>
<assign>
<var>${params}</var>
</assign>
<msg timestamp="20201005 23:56:16.129" level="INFO">${params} = {'des': '141P', 'v-inf-min': '18.5'}</msg>
<status status="PASS" starttime="20201005 23:56:16.126" endtime="20201005 23:56:16.130"></status>
</kw>
<kw name="Get Request" library="RequestsLibrary">
<doc>Send a GET request on the session object found using the
given `alias`</doc>
<arguments>
<arg>SName</arg>
<arg>/cad.api</arg>
<arg>params=${params}</arg>
</arguments>
<assign>
<var>${response}</var>
</assign>
<msg timestamp="20201005 23:56:17.247" level="INFO">GET Request : url=https://ssd-api.jpl.nasa.gov/cad.api?des=141P&amp;v-inf-min=18.5 
 path_url=/cad.api?des=141P&amp;v-inf-min=18.5 
 headers={'User-Agent': 'python-requests/2.23.0', 'Accept-Encoding': 'gzip, deflate', 'Accept': '*/*', 'Connection': 'keep-alive'} 
 body=None 
 </msg>
<msg timestamp="20201005 23:56:17.248" level="INFO">GET Response : url=https://ssd-api.jpl.nasa.gov/cad.api?des=141P&amp;v-inf-min=18.5 
 status=200, reason=OK 
 body={"count":"0","signature":{"source":"NASA/JPL SBDB Close Approach Data API","version":"1.1"}}
 
 </msg>
<msg timestamp="20201005 23:56:17.248" level="INFO">c:\users\divan\appdata\local\programs\python\python38\lib\site-packages\urllib3\connectionpool.py:979: InsecureRequestWarning: Unverified HTTPS request is being made to host 'ssd-api.jpl.nasa.gov'. Adding certificate verification is strongly advised. See: https://urllib3.readthedocs.io/en/latest/advanced-usage.html#ssl-warnings
  warnings.warn(</msg>
<msg timestamp="20201005 23:56:17.250" level="INFO">${response} = &lt;Response [200]&gt;</msg>
<status status="PASS" starttime="20201005 23:56:16.131" endtime="20201005 23:56:17.250"></status>
</kw>
<kw name="Convert To String" library="BuiltIn">
<doc>Converts the given item to a Unicode string.</doc>
<arguments>
<arg>${response.content}</arg>
</arguments>
<assign>
<var>${expectedcount}</var>
</assign>
<msg timestamp="20201005 23:56:17.252" level="INFO">${expectedcount} = {"count":"0","signature":{"source":"NASA/JPL SBDB Close Approach Data API","version":"1.1"}}
</msg>
<status status="PASS" starttime="20201005 23:56:17.251" endtime="20201005 23:56:17.253"></status>
</kw>
<kw name="Should Be Equal" library="BuiltIn">
<doc>Fails if the given objects are unequal.</doc>
<arguments>
<arg>${expectedcountno}</arg>
<arg>0</arg>
</arguments>
<status status="PASS" starttime="20201005 23:56:17.254" endtime="20201005 23:56:17.255"></status>
</kw>
<status status="PASS" starttime="20201005 23:56:16.119" endtime="20201005 23:56:17.255"></status>
</kw>
<kw name="Verify Response when query too restrictive" library="User_Keywords">
<arguments>
<arg>date-min=2021-10-10</arg>
<arg>0</arg>
</arguments>
<kw name="Create Session" library="RequestsLibrary">
<doc>Create Session: create a HTTP session to a server</doc>
<arguments>
<arg>SName</arg>
<arg>${api_endpoint}</arg>
</arguments>
<msg timestamp="20201005 23:56:17.260" level="INFO">Creating Session using : alias=SName, url=https://ssd-api.jpl.nasa.gov, headers={},                     cookies={}, auth=None, timeout=None, proxies=None, verify=False,                     debug=0 </msg>
<status status="PASS" starttime="20201005 23:56:17.259" endtime="20201005 23:56:17.261"></status>
</kw>
<kw name="Create Dictionary" library="BuiltIn">
<doc>Creates and returns a dictionary based on the given ``items``.</doc>
<arguments>
<arg>des=141P</arg>
<arg>v-inf-min=18.5</arg>
</arguments>
<assign>
<var>${params}</var>
</assign>
<msg timestamp="20201005 23:56:17.263" level="INFO">${params} = {'des': '141P', 'v-inf-min': '18.5'}</msg>
<status status="PASS" starttime="20201005 23:56:17.262" endtime="20201005 23:56:17.263"></status>
</kw>
<kw name="Get Request" library="RequestsLibrary">
<doc>Send a GET request on the session object found using the
given `alias`</doc>
<arguments>
<arg>SName</arg>
<arg>/cad.api</arg>
<arg>params=${params}</arg>
</arguments>
<assign>
<var>${response}</var>
</assign>
<msg timestamp="20201005 23:56:18.380" level="INFO">GET Request : url=https://ssd-api.jpl.nasa.gov/cad.api?des=141P&amp;v-inf-min=18.5 
 path_url=/cad.api?des=141P&amp;v-inf-min=18.5 
 headers={'User-Agent': 'python-requests/2.23.0', 'Accept-Encoding': 'gzip, deflate', 'Accept': '*/*', 'Connection': 'keep-alive'} 
 body=None 
 </msg>
<msg timestamp="20201005 23:56:18.380" level="INFO">GET Response : url=https://ssd-api.jpl.nasa.gov/cad.api?des=141P&amp;v-inf-min=18.5 
 status=200, reason=OK 
 body={"count":"0","signature":{"source":"NASA/JPL SBDB Close Approach Data API","version":"1.1"}}
 
 </msg>
<msg timestamp="20201005 23:56:18.380" level="INFO">c:\users\divan\appdata\local\programs\python\python38\lib\site-packages\urllib3\connectionpool.py:979: InsecureRequestWarning: Unverified HTTPS request is being made to host 'ssd-api.jpl.nasa.gov'. Adding certificate verification is strongly advised. See: https://urllib3.readthedocs.io/en/latest/advanced-usage.html#ssl-warnings
  warnings.warn(</msg>
<msg timestamp="20201005 23:56:18.385" level="INFO">${response} = &lt;Response [200]&gt;</msg>
<status status="PASS" starttime="20201005 23:56:17.263" endtime="20201005 23:56:18.385"></status>
</kw>
<kw name="Convert To String" library="BuiltIn">
<doc>Converts the given item to a Unicode string.</doc>
<arguments>
<arg>${response.content}</arg>
</arguments>
<assign>
<var>${expectedcount}</var>
</assign>
<msg timestamp="20201005 23:56:18.386" level="INFO">${expectedcount} = {"count":"0","signature":{"source":"NASA/JPL SBDB Close Approach Data API","version":"1.1"}}
</msg>
<status status="PASS" starttime="20201005 23:56:18.385" endtime="20201005 23:56:18.386"></status>
</kw>
<kw name="Should Be Equal" library="BuiltIn">
<doc>Fails if the given objects are unequal.</doc>
<arguments>
<arg>${expectedcountno}</arg>
<arg>0</arg>
</arguments>
<status status="PASS" starttime="20201005 23:56:18.387" endtime="20201005 23:56:18.388"></status>
</kw>
<status status="PASS" starttime="20201005 23:56:17.258" endtime="20201005 23:56:18.388"></status>
</kw>
<kw name="Verify Response when query too restrictive" library="User_Keywords">
<arguments>
<arg>date-max=2018-10-10</arg>
<arg>0</arg>
</arguments>
<kw name="Create Session" library="RequestsLibrary">
<doc>Create Session: create a HTTP session to a server</doc>
<arguments>
<arg>SName</arg>
<arg>${api_endpoint}</arg>
</arguments>
<msg timestamp="20201005 23:56:18.390" level="INFO">Creating Session using : alias=SName, url=https://ssd-api.jpl.nasa.gov, headers={},                     cookies={}, auth=None, timeout=None, proxies=None, verify=False,                     debug=0 </msg>
<status status="PASS" starttime="20201005 23:56:18.390" endtime="20201005 23:56:18.391"></status>
</kw>
<kw name="Create Dictionary" library="BuiltIn">
<doc>Creates and returns a dictionary based on the given ``items``.</doc>
<arguments>
<arg>des=141P</arg>
<arg>v-inf-min=18.5</arg>
</arguments>
<assign>
<var>${params}</var>
</assign>
<msg timestamp="20201005 23:56:18.393" level="INFO">${params} = {'des': '141P', 'v-inf-min': '18.5'}</msg>
<status status="PASS" starttime="20201005 23:56:18.392" endtime="20201005 23:56:18.393"></status>
</kw>
<kw name="Get Request" library="RequestsLibrary">
<doc>Send a GET request on the session object found using the
given `alias`</doc>
<arguments>
<arg>SName</arg>
<arg>/cad.api</arg>
<arg>params=${params}</arg>
</arguments>
<assign>
<var>${response}</var>
</assign>
<msg timestamp="20201005 23:56:19.589" level="INFO">GET Request : url=https://ssd-api.jpl.nasa.gov/cad.api?des=141P&amp;v-inf-min=18.5 
 path_url=/cad.api?des=141P&amp;v-inf-min=18.5 
 headers={'User-Agent': 'python-requests/2.23.0', 'Accept-Encoding': 'gzip, deflate', 'Accept': '*/*', 'Connection': 'keep-alive'} 
 body=None 
 </msg>
<msg timestamp="20201005 23:56:19.589" level="INFO">GET Response : url=https://ssd-api.jpl.nasa.gov/cad.api?des=141P&amp;v-inf-min=18.5 
 status=200, reason=OK 
 body={"count":"0","signature":{"source":"NASA/JPL SBDB Close Approach Data API","version":"1.1"}}
 
 </msg>
<msg timestamp="20201005 23:56:19.590" level="INFO">c:\users\divan\appdata\local\programs\python\python38\lib\site-packages\urllib3\connectionpool.py:979: InsecureRequestWarning: Unverified HTTPS request is being made to host 'ssd-api.jpl.nasa.gov'. Adding certificate verification is strongly advised. See: https://urllib3.readthedocs.io/en/latest/advanced-usage.html#ssl-warnings
  warnings.warn(</msg>
<msg timestamp="20201005 23:56:19.591" level="INFO">${response} = &lt;Response [200]&gt;</msg>
<status status="PASS" starttime="20201005 23:56:18.393" endtime="20201005 23:56:19.591"></status>
</kw>
<kw name="Convert To String" library="BuiltIn">
<doc>Converts the given item to a Unicode string.</doc>
<arguments>
<arg>${response.content}</arg>
</arguments>
<assign>
<var>${expectedcount}</var>
</assign>
<msg timestamp="20201005 23:56:19.592" level="INFO">${expectedcount} = {"count":"0","signature":{"source":"NASA/JPL SBDB Close Approach Data API","version":"1.1"}}
</msg>
<status status="PASS" starttime="20201005 23:56:19.591" endtime="20201005 23:56:19.592"></status>
</kw>
<kw name="Should Be Equal" library="BuiltIn">
<doc>Fails if the given objects are unequal.</doc>
<arguments>
<arg>${expectedcountno}</arg>
<arg>0</arg>
</arguments>
<status status="PASS" starttime="20201005 23:56:19.592" endtime="20201005 23:56:19.593"></status>
</kw>
<status status="PASS" starttime="20201005 23:56:18.389" endtime="20201005 23:56:19.594"></status>
</kw>
<kw name="Verify Response when query too restrictive" library="User_Keywords">
<arguments>
<arg>date-max=now</arg>
<arg>0</arg>
</arguments>
<kw name="Create Session" library="RequestsLibrary">
<doc>Create Session: create a HTTP session to a server</doc>
<arguments>
<arg>SName</arg>
<arg>${api_endpoint}</arg>
</arguments>
<msg timestamp="20201005 23:56:19.596" level="INFO">Creating Session using : alias=SName, url=https://ssd-api.jpl.nasa.gov, headers={},                     cookies={}, auth=None, timeout=None, proxies=None, verify=False,                     debug=0 </msg>
<status status="PASS" starttime="20201005 23:56:19.596" endtime="20201005 23:56:19.597"></status>
</kw>
<kw name="Create Dictionary" library="BuiltIn">
<doc>Creates and returns a dictionary based on the given ``items``.</doc>
<arguments>
<arg>des=141P</arg>
<arg>v-inf-min=18.5</arg>
</arguments>
<assign>
<var>${params}</var>
</assign>
<msg timestamp="20201005 23:56:19.598" level="INFO">${params} = {'des': '141P', 'v-inf-min': '18.5'}</msg>
<status status="PASS" starttime="20201005 23:56:19.597" endtime="20201005 23:56:19.598"></status>
</kw>
<kw name="Get Request" library="RequestsLibrary">
<doc>Send a GET request on the session object found using the
given `alias`</doc>
<arguments>
<arg>SName</arg>
<arg>/cad.api</arg>
<arg>params=${params}</arg>
</arguments>
<assign>
<var>${response}</var>
</assign>
<msg timestamp="20201005 23:56:20.700" level="INFO">GET Request : url=https://ssd-api.jpl.nasa.gov/cad.api?des=141P&amp;v-inf-min=18.5 
 path_url=/cad.api?des=141P&amp;v-inf-min=18.5 
 headers={'User-Agent': 'python-requests/2.23.0', 'Accept-Encoding': 'gzip, deflate', 'Accept': '*/*', 'Connection': 'keep-alive'} 
 body=None 
 </msg>
<msg timestamp="20201005 23:56:20.701" level="INFO">GET Response : url=https://ssd-api.jpl.nasa.gov/cad.api?des=141P&amp;v-inf-min=18.5 
 status=200, reason=OK 
 body={"count":"0","signature":{"source":"NASA/JPL SBDB Close Approach Data API","version":"1.1"}}
 
 </msg>
<msg timestamp="20201005 23:56:20.701" level="INFO">c:\users\divan\appdata\local\programs\python\python38\lib\site-packages\urllib3\connectionpool.py:979: InsecureRequestWarning: Unverified HTTPS request is being made to host 'ssd-api.jpl.nasa.gov'. Adding certificate verification is strongly advised. See: https://urllib3.readthedocs.io/en/latest/advanced-usage.html#ssl-warnings
  warnings.warn(</msg>
<msg timestamp="20201005 23:56:20.701" level="INFO">${response} = &lt;Response [200]&gt;</msg>
<status status="PASS" starttime="20201005 23:56:19.599" endtime="20201005 23:56:20.701"></status>
</kw>
<kw name="Convert To String" library="BuiltIn">
<doc>Converts the given item to a Unicode string.</doc>
<arguments>
<arg>${response.content}</arg>
</arguments>
<assign>
<var>${expectedcount}</var>
</assign>
<msg timestamp="20201005 23:56:20.702" level="INFO">${expectedcount} = {"count":"0","signature":{"source":"NASA/JPL SBDB Close Approach Data API","version":"1.1"}}
</msg>
<status status="PASS" starttime="20201005 23:56:20.701" endtime="20201005 23:56:20.704"></status>
</kw>
<kw name="Should Be Equal" library="BuiltIn">
<doc>Fails if the given objects are unequal.</doc>
<arguments>
<arg>${expectedcountno}</arg>
<arg>0</arg>
</arguments>
<status status="PASS" starttime="20201005 23:56:20.704" endtime="20201005 23:56:20.704"></status>
</kw>
<status status="PASS" starttime="20201005 23:56:19.595" endtime="20201005 23:56:20.705"></status>
</kw>
<kw name="Verify Response when query too restrictive" library="User_Keywords">
<arguments>
<arg>spk=2000433</arg>
<arg>0</arg>
</arguments>
<kw name="Create Session" library="RequestsLibrary">
<doc>Create Session: create a HTTP session to a server</doc>
<arguments>
<arg>SName</arg>
<arg>${api_endpoint}</arg>
</arguments>
<msg timestamp="20201005 23:56:20.707" level="INFO">Creating Session using : alias=SName, url=https://ssd-api.jpl.nasa.gov, headers={},                     cookies={}, auth=None, timeout=None, proxies=None, verify=False,                     debug=0 </msg>
<status status="PASS" starttime="20201005 23:56:20.707" endtime="20201005 23:56:20.708"></status>
</kw>
<kw name="Create Dictionary" library="BuiltIn">
<doc>Creates and returns a dictionary based on the given ``items``.</doc>
<arguments>
<arg>des=141P</arg>
<arg>v-inf-min=18.5</arg>
</arguments>
<assign>
<var>${params}</var>
</assign>
<msg timestamp="20201005 23:56:20.709" level="INFO">${params} = {'des': '141P', 'v-inf-min': '18.5'}</msg>
<status status="PASS" starttime="20201005 23:56:20.708" endtime="20201005 23:56:20.709"></status>
</kw>
<kw name="Get Request" library="RequestsLibrary">
<doc>Send a GET request on the session object found using the
given `alias`</doc>
<arguments>
<arg>SName</arg>
<arg>/cad.api</arg>
<arg>params=${params}</arg>
</arguments>
<assign>
<var>${response}</var>
</assign>
<msg timestamp="20201005 23:56:21.815" level="INFO">GET Request : url=https://ssd-api.jpl.nasa.gov/cad.api?des=141P&amp;v-inf-min=18.5 
 path_url=/cad.api?des=141P&amp;v-inf-min=18.5 
 headers={'User-Agent': 'python-requests/2.23.0', 'Accept-Encoding': 'gzip, deflate', 'Accept': '*/*', 'Connection': 'keep-alive'} 
 body=None 
 </msg>
<msg timestamp="20201005 23:56:21.815" level="INFO">GET Response : url=https://ssd-api.jpl.nasa.gov/cad.api?des=141P&amp;v-inf-min=18.5 
 status=200, reason=OK 
 body={"count":"0","signature":{"source":"NASA/JPL SBDB Close Approach Data API","version":"1.1"}}
 
 </msg>
<msg timestamp="20201005 23:56:21.815" level="INFO">c:\users\divan\appdata\local\programs\python\python38\lib\site-packages\urllib3\connectionpool.py:979: InsecureRequestWarning: Unverified HTTPS request is being made to host 'ssd-api.jpl.nasa.gov'. Adding certificate verification is strongly advised. See: https://urllib3.readthedocs.io/en/latest/advanced-usage.html#ssl-warnings
  warnings.warn(</msg>
<msg timestamp="20201005 23:56:21.816" level="INFO">${response} = &lt;Response [200]&gt;</msg>
<status status="PASS" starttime="20201005 23:56:20.710" endtime="20201005 23:56:21.816"></status>
</kw>
<kw name="Convert To String" library="BuiltIn">
<doc>Converts the given item to a Unicode string.</doc>
<arguments>
<arg>${response.content}</arg>
</arguments>
<assign>
<var>${expectedcount}</var>
</assign>
<msg timestamp="20201005 23:56:21.817" level="INFO">${expectedcount} = {"count":"0","signature":{"source":"NASA/JPL SBDB Close Approach Data API","version":"1.1"}}
</msg>
<status status="PASS" starttime="20201005 23:56:21.816" endtime="20201005 23:56:21.818"></status>
</kw>
<kw name="Should Be Equal" library="BuiltIn">
<doc>Fails if the given objects are unequal.</doc>
<arguments>
<arg>${expectedcountno}</arg>
<arg>0</arg>
</arguments>
<status status="PASS" starttime="20201005 23:56:21.818" endtime="20201005 23:56:21.818"></status>
</kw>
<status status="PASS" starttime="20201005 23:56:20.706" endtime="20201005 23:56:21.819"></status>
</kw>
<status status="PASS" starttime="20201005 23:56:13.702" endtime="20201005 23:56:21.819" critical="yes"></status>
</test>
<test id="s1-t4" name="TC004">
<kw name="Verify Bad Request" library="User_Keywords">
<arguments>
<arg>sort=TestSort</arg>
<arg>400</arg>
</arguments>
<kw name="Create Session" library="RequestsLibrary">
<doc>Create Session: create a HTTP session to a server</doc>
<arguments>
<arg>SName</arg>
<arg>${api_endpoint}</arg>
</arguments>
<msg timestamp="20201005 23:56:21.824" level="INFO">Creating Session using : alias=SName, url=https://ssd-api.jpl.nasa.gov, headers={},                     cookies={}, auth=None, timeout=None, proxies=None, verify=False,                     debug=0 </msg>
<status status="PASS" starttime="20201005 23:56:21.823" endtime="20201005 23:56:21.824"></status>
</kw>
<kw name="Create Dictionary" library="BuiltIn">
<doc>Creates and returns a dictionary based on the given ``items``.</doc>
<arguments>
<arg>sort=TestSort</arg>
</arguments>
<assign>
<var>${params}</var>
</assign>
<msg timestamp="20201005 23:56:21.825" level="INFO">${params} = {'sort': 'TestSort'}</msg>
<status status="PASS" starttime="20201005 23:56:21.825" endtime="20201005 23:56:21.826"></status>
</kw>
<kw name="Get Request" library="RequestsLibrary">
<doc>Send a GET request on the session object found using the
given `alias`</doc>
<arguments>
<arg>SName</arg>
<arg>/cad.api</arg>
<arg>params=${params}</arg>
</arguments>
<assign>
<var>${response}</var>
</assign>
<msg timestamp="20201005 23:56:22.911" level="INFO">GET Request : url=https://ssd-api.jpl.nasa.gov/cad.api?sort=TestSort 
 path_url=/cad.api?sort=TestSort 
 headers={'User-Agent': 'python-requests/2.23.0', 'Accept-Encoding': 'gzip, deflate', 'Accept': '*/*', 'Connection': 'keep-alive'} 
 body=None 
 </msg>
<msg timestamp="20201005 23:56:22.911" level="INFO">GET Response : url=https://ssd-api.jpl.nasa.gov/cad.api?sort=TestSort 
 status=400, reason=Bad Request 
 body={"moreInfo":"https://ssd-api.jpl.nasa.gov/doc/cad.html","message":"invalid value specified for query parameter 'sort': invalid sort parameter name","code":"400"}
 
 </msg>
<msg timestamp="20201005 23:56:22.912" level="INFO">c:\users\divan\appdata\local\programs\python\python38\lib\site-packages\urllib3\connectionpool.py:979: InsecureRequestWarning: Unverified HTTPS request is being made to host 'ssd-api.jpl.nasa.gov'. Adding certificate verification is strongly advised. See: https://urllib3.readthedocs.io/en/latest/advanced-usage.html#ssl-warnings
  warnings.warn(</msg>
<msg timestamp="20201005 23:56:22.913" level="INFO">${response} = &lt;Response [400]&gt;</msg>
<status status="PASS" starttime="20201005 23:56:21.826" endtime="20201005 23:56:22.914"></status>
</kw>
<kw name="Convert To String" library="BuiltIn">
<doc>Converts the given item to a Unicode string.</doc>
<arguments>
<arg>${response.status_code}</arg>
</arguments>
<assign>
<var>${statusC}</var>
</assign>
<msg timestamp="20201005 23:56:22.915" level="INFO">${statusC} = 400</msg>
<status status="PASS" starttime="20201005 23:56:22.914" endtime="20201005 23:56:22.915"></status>
</kw>
<kw name="Should Be Equal" library="BuiltIn">
<doc>Fails if the given objects are unequal.</doc>
<arguments>
<arg>${expectedStatusCode}</arg>
<arg>${statusC}</arg>
</arguments>
<status status="PASS" starttime="20201005 23:56:22.915" endtime="20201005 23:56:22.916"></status>
</kw>
<status status="PASS" starttime="20201005 23:56:21.822" endtime="20201005 23:56:22.917"></status>
</kw>
<kw name="Verify Bad Request" library="User_Keywords">
<arguments>
<arg>date-min=now&amp;date-max=+60&amp;dist-max=0.05</arg>
<arg>400</arg>
</arguments>
<kw name="Create Session" library="RequestsLibrary">
<doc>Create Session: create a HTTP session to a server</doc>
<arguments>
<arg>SName</arg>
<arg>${api_endpoint}</arg>
</arguments>
<msg timestamp="20201005 23:56:22.919" level="INFO">Creating Session using : alias=SName, url=https://ssd-api.jpl.nasa.gov, headers={},                     cookies={}, auth=None, timeout=None, proxies=None, verify=False,                     debug=0 </msg>
<status status="PASS" starttime="20201005 23:56:22.919" endtime="20201005 23:56:22.920"></status>
</kw>
<kw name="Create Dictionary" library="BuiltIn">
<doc>Creates and returns a dictionary based on the given ``items``.</doc>
<arguments>
<arg>sort=TestSort</arg>
</arguments>
<assign>
<var>${params}</var>
</assign>
<msg timestamp="20201005 23:56:22.921" level="INFO">${params} = {'sort': 'TestSort'}</msg>
<status status="PASS" starttime="20201005 23:56:22.920" endtime="20201005 23:56:22.921"></status>
</kw>
<kw name="Get Request" library="RequestsLibrary">
<doc>Send a GET request on the session object found using the
given `alias`</doc>
<arguments>
<arg>SName</arg>
<arg>/cad.api</arg>
<arg>params=${params}</arg>
</arguments>
<assign>
<var>${response}</var>
</assign>
<msg timestamp="20201005 23:56:24.058" level="INFO">GET Request : url=https://ssd-api.jpl.nasa.gov/cad.api?sort=TestSort 
 path_url=/cad.api?sort=TestSort 
 headers={'User-Agent': 'python-requests/2.23.0', 'Accept-Encoding': 'gzip, deflate', 'Accept': '*/*', 'Connection': 'keep-alive'} 
 body=None 
 </msg>
<msg timestamp="20201005 23:56:24.059" level="INFO">GET Response : url=https://ssd-api.jpl.nasa.gov/cad.api?sort=TestSort 
 status=400, reason=Bad Request 
 body={"moreInfo":"https://ssd-api.jpl.nasa.gov/doc/cad.html","message":"invalid value specified for query parameter 'sort': invalid sort parameter name","code":"400"}
 
 </msg>
<msg timestamp="20201005 23:56:24.059" level="INFO">c:\users\divan\appdata\local\programs\python\python38\lib\site-packages\urllib3\connectionpool.py:979: InsecureRequestWarning: Unverified HTTPS request is being made to host 'ssd-api.jpl.nasa.gov'. Adding certificate verification is strongly advised. See: https://urllib3.readthedocs.io/en/latest/advanced-usage.html#ssl-warnings
  warnings.warn(</msg>
<msg timestamp="20201005 23:56:24.068" level="INFO">${response} = &lt;Response [400]&gt;</msg>
<status status="PASS" starttime="20201005 23:56:22.922" endtime="20201005 23:56:24.068"></status>
</kw>
<kw name="Convert To String" library="BuiltIn">
<doc>Converts the given item to a Unicode string.</doc>
<arguments>
<arg>${response.status_code}</arg>
</arguments>
<assign>
<var>${statusC}</var>
</assign>
<msg timestamp="20201005 23:56:24.070" level="INFO">${statusC} = 400</msg>
<status status="PASS" starttime="20201005 23:56:24.069" endtime="20201005 23:56:24.070"></status>
</kw>
<kw name="Should Be Equal" library="BuiltIn">
<doc>Fails if the given objects are unequal.</doc>
<arguments>
<arg>${expectedStatusCode}</arg>
<arg>${statusC}</arg>
</arguments>
<status status="PASS" starttime="20201005 23:56:24.071" endtime="20201005 23:56:24.071"></status>
</kw>
<status status="PASS" starttime="20201005 23:56:22.917" endtime="20201005 23:56:24.072"></status>
</kw>
<kw name="Verify Bad Request" library="User_Keywords">
<arguments>
<arg>pha</arg>
<arg>400</arg>
</arguments>
<kw name="Create Session" library="RequestsLibrary">
<doc>Create Session: create a HTTP session to a server</doc>
<arguments>
<arg>SName</arg>
<arg>${api_endpoint}</arg>
</arguments>
<msg timestamp="20201005 23:56:24.078" level="INFO">Creating Session using : alias=SName, url=https://ssd-api.jpl.nasa.gov, headers={},                     cookies={}, auth=None, timeout=None, proxies=None, verify=False,                     debug=0 </msg>
<status status="PASS" starttime="20201005 23:56:24.077" endtime="20201005 23:56:24.079"></status>
</kw>
<kw name="Create Dictionary" library="BuiltIn">
<doc>Creates and returns a dictionary based on the given ``items``.</doc>
<arguments>
<arg>sort=TestSort</arg>
</arguments>
<assign>
<var>${params}</var>
</assign>
<msg timestamp="20201005 23:56:24.080" level="INFO">${params} = {'sort': 'TestSort'}</msg>
<status status="PASS" starttime="20201005 23:56:24.079" endtime="20201005 23:56:24.081"></status>
</kw>
<kw name="Get Request" library="RequestsLibrary">
<doc>Send a GET request on the session object found using the
given `alias`</doc>
<arguments>
<arg>SName</arg>
<arg>/cad.api</arg>
<arg>params=${params}</arg>
</arguments>
<assign>
<var>${response}</var>
</assign>
<msg timestamp="20201005 23:56:25.357" level="INFO">GET Request : url=https://ssd-api.jpl.nasa.gov/cad.api?sort=TestSort 
 path_url=/cad.api?sort=TestSort 
 headers={'User-Agent': 'python-requests/2.23.0', 'Accept-Encoding': 'gzip, deflate', 'Accept': '*/*', 'Connection': 'keep-alive'} 
 body=None 
 </msg>
<msg timestamp="20201005 23:56:25.357" level="INFO">GET Response : url=https://ssd-api.jpl.nasa.gov/cad.api?sort=TestSort 
 status=400, reason=Bad Request 
 body={"moreInfo":"https://ssd-api.jpl.nasa.gov/doc/cad.html","message":"invalid value specified for query parameter 'sort': invalid sort parameter name","code":"400"}
 
 </msg>
<msg timestamp="20201005 23:56:25.358" level="INFO">c:\users\divan\appdata\local\programs\python\python38\lib\site-packages\urllib3\connectionpool.py:979: InsecureRequestWarning: Unverified HTTPS request is being made to host 'ssd-api.jpl.nasa.gov'. Adding certificate verification is strongly advised. See: https://urllib3.readthedocs.io/en/latest/advanced-usage.html#ssl-warnings
  warnings.warn(</msg>
<msg timestamp="20201005 23:56:25.368" level="INFO">${response} = &lt;Response [400]&gt;</msg>
<status status="PASS" starttime="20201005 23:56:24.081" endtime="20201005 23:56:25.368"></status>
</kw>
<kw name="Convert To String" library="BuiltIn">
<doc>Converts the given item to a Unicode string.</doc>
<arguments>
<arg>${response.status_code}</arg>
</arguments>
<assign>
<var>${statusC}</var>
</assign>
<msg timestamp="20201005 23:56:25.371" level="INFO">${statusC} = 400</msg>
<status status="PASS" starttime="20201005 23:56:25.369" endtime="20201005 23:56:25.372"></status>
</kw>
<kw name="Should Be Equal" library="BuiltIn">
<doc>Fails if the given objects are unequal.</doc>
<arguments>
<arg>${expectedStatusCode}</arg>
<arg>${statusC}</arg>
</arguments>
<status status="PASS" starttime="20201005 23:56:25.372" endtime="20201005 23:56:25.373"></status>
</kw>
<status status="PASS" starttime="20201005 23:56:24.075" endtime="20201005 23:56:25.373"></status>
</kw>
<status status="PASS" starttime="20201005 23:56:21.821" endtime="20201005 23:56:25.401" critical="yes"></status>
</test>
<test id="s1-t5" name="TC005">
<kw name="Method Not Allowed" library="User_Keywords">
<arguments>
<arg>Invalid HTTP method: must be GET or POST</arg>
<arg>405</arg>
</arguments>
<kw name="Create Session" library="RequestsLibrary">
<doc>Create Session: create a HTTP session to a server</doc>
<arguments>
<arg>SName</arg>
<arg>${api_endpoint}</arg>
</arguments>
<msg timestamp="20201005 23:56:25.412" level="INFO">Creating Session using : alias=SName, url=https://ssd-api.jpl.nasa.gov, headers={},                     cookies={}, auth=None, timeout=None, proxies=None, verify=False,                     debug=0 </msg>
<status status="PASS" starttime="20201005 23:56:25.411" endtime="20201005 23:56:25.412"></status>
</kw>
<kw name="Head Request" library="RequestsLibrary">
<doc>Send a HEAD request on the session object found using the
given `alias`</doc>
<arguments>
<arg>SName</arg>
<arg>/cad.api</arg>
</arguments>
<assign>
<var>${response}</var>
</assign>
<msg timestamp="20201005 23:56:26.587" level="INFO">HEAD Request : url=https://ssd-api.jpl.nasa.gov/cad.api 
 path_url=/cad.api 
 headers={'User-Agent': 'python-requests/2.23.0', 'Accept-Encoding': 'gzip, deflate', 'Accept': '*/*', 'Connection': 'keep-alive'} 
 body=None 
 </msg>
<msg timestamp="20201005 23:56:26.587" level="INFO">HEAD Response : url=https://ssd-api.jpl.nasa.gov/cad.api 
 status=405, reason=Method Not Allowed 
 body=None 
 </msg>
<msg timestamp="20201005 23:56:26.587" level="INFO">c:\users\divan\appdata\local\programs\python\python38\lib\site-packages\urllib3\connectionpool.py:979: InsecureRequestWarning: Unverified HTTPS request is being made to host 'ssd-api.jpl.nasa.gov'. Adding certificate verification is strongly advised. See: https://urllib3.readthedocs.io/en/latest/advanced-usage.html#ssl-warnings
  warnings.warn(</msg>
<msg timestamp="20201005 23:56:26.590" level="INFO">${response} = &lt;Response [405]&gt;</msg>
<status status="PASS" starttime="20201005 23:56:25.413" endtime="20201005 23:56:26.590"></status>
</kw>
<kw name="Log To Console" library="BuiltIn">
<doc>Logs the given message to the console.</doc>
<arguments>
<arg>${response.status_code}</arg>
</arguments>
<status status="PASS" starttime="20201005 23:56:26.590" endtime="20201005 23:56:26.596"></status>
</kw>
<kw name="Convert To String" library="BuiltIn">
<doc>Converts the given item to a Unicode string.</doc>
<arguments>
<arg>${response.content}</arg>
</arguments>
<assign>
<var>${responsebody}</var>
</assign>
<msg timestamp="20201005 23:56:26.598" level="INFO">${responsebody} = </msg>
<status status="PASS" starttime="20201005 23:56:26.597" endtime="20201005 23:56:26.598"></status>
</kw>
<kw name="Should Be Equal" library="BuiltIn">
<doc>Fails if the given objects are unequal.</doc>
<arguments>
<arg>${responsebodyvalue}</arg>
<arg>Invalid HTTP method: must be GET or POST</arg>
</arguments>
<status status="PASS" starttime="20201005 23:56:26.598" endtime="20201005 23:56:26.599"></status>
</kw>
<kw name="Convert To String" library="BuiltIn">
<doc>Converts the given item to a Unicode string.</doc>
<arguments>
<arg>${response.status_code}</arg>
</arguments>
<assign>
<var>${statusC}</var>
</assign>
<msg timestamp="20201005 23:56:26.601" level="INFO">${statusC} = 405</msg>
<status status="PASS" starttime="20201005 23:56:26.599" endtime="20201005 23:56:26.601"></status>
</kw>
<kw name="Should Be Equal" library="BuiltIn">
<doc>Fails if the given objects are unequal.</doc>
<arguments>
<arg>${expectedStatusCode}</arg>
<arg>${statusC}</arg>
</arguments>
<status status="PASS" starttime="20201005 23:56:26.601" endtime="20201005 23:56:26.602"></status>
</kw>
<status status="PASS" starttime="20201005 23:56:25.410" endtime="20201005 23:56:26.602"></status>
</kw>
<status status="PASS" starttime="20201005 23:56:25.406" endtime="20201005 23:56:26.620" critical="yes"></status>
</test>
<doc>Keyword Driven Test with RF</doc>
<metadata>
<item name="Author">*divanshu-netizen*</item>
</metadata>
<status status="PASS" starttime="20201005 23:56:06.616" endtime="20201005 23:56:26.629"></status>
</suite>
<statistics>
<total>
<stat pass="5" fail="0">Critical Tests</stat>
<stat pass="5" fail="0">All Tests</stat>
</total>
<tag>
</tag>
<suite>
<stat pass="5" fail="0" id="s1" name="Testcase">Testcase</stat>
</suite>
</statistics>
<errors>
</errors>
</robot>
